2025-07-25 16:31:37,616 - uzuki - INFO - Screen initialized
2025-07-25 16:31:37,617 - uzuki - DEBUG - Service registered: IEditorService
2025-07-25 16:31:37,617 - uzuki - DEBUG - Service registered: IFileService
2025-07-25 16:31:37,617 - uzuki - DEBUG - Service registered: INotificationService
2025-07-25 16:31:37,617 - uzuki - DEBUG - Service registered: IConfigService
2025-07-25 16:31:37,617 - uzuki - INFO - Default services registered
2025-07-25 16:31:37,618 - uzuki - DEBUG - UIController initialized
2025-07-25 16:31:37,618 - uzuki - DEBUG - Greeting content updated
2025-07-25 16:31:37,619 - uzuki - INFO - Screen initialization completed
2025-07-25 16:31:37,619 - uzuki - DEBUG - Greeting content updated
2025-07-25 16:32:30,678 - uzuki - DEBUG - Show greeting set to: False
2025-07-25 16:32:30,678 - uzuki - INFO - Greeting displayed and disabled
2025-07-25 16:32:30,678 - uzuki - INFO - Main loop started
2025-07-25 16:32:30,678 - uzuki - ERROR - ERROR in Screen._set_cursor_position: error: wmove() returned ERR
2025-07-25 16:32:30,679 - uzuki - ERROR - Traceback: Traceback (most recent call last):
  File "/home/rca/proj/uzuki/uzuki/ui/screen.py", line 210, in _set_cursor_position
    self.stdscr.move(safe_row, safe_col)
    ~~~~~~~~~~~~~~~~^^^^^^^^^^^^^^^^^^^^
_curses.error: wmove() returned ERR

2025-07-25 16:32:30,680 - uzuki - ERROR - ERROR in Screen._set_cursor_position: error: wmove() returned ERR
2025-07-25 16:32:30,681 - uzuki - ERROR - Traceback: Traceback (most recent call last):
  File "/home/rca/proj/uzuki/uzuki/ui/screen.py", line 210, in _set_cursor_position
    self.stdscr.move(safe_row, safe_col)
    ~~~~~~~~~~~~~~~~^^^^^^^^^^^^^^^^^^^^
_curses.error: wmove() returned ERR

2025-07-25 16:32:30,684 - uzuki - INFO - Service container shutdown completed
