2025-07-25 16:49:43,105 - uzuki - INFO - Screen initialized
2025-07-25 16:49:43,105 - uzuki - DEBUG - Service registered: IEditorService
2025-07-25 16:49:43,105 - uzuki - DEBUG - Service registered: IFileService
2025-07-25 16:49:43,105 - uzuki - DEBUG - Service registered: INotificationService
2025-07-25 16:49:43,105 - uzuki - DEBUG - Service registered: IConfigService
2025-07-25 16:49:43,105 - uzuki - INFO - Default services registered
2025-07-25 16:49:43,106 - uzuki - DEBUG - UIController initialized
2025-07-25 16:49:43,106 - uzuki - DEBUG - Greeting content updated
2025-07-25 16:49:43,106 - uzuki - INFO - Screen initialization completed
2025-07-25 16:49:43,108 - uzuki - DEBUG - Greeting content updated
2025-07-25 16:49:44,115 - uzuki - DEBUG - Show greeting set to: False
2025-07-25 16:49:44,115 - uzuki - INFO - Greeting displayed and disabled
2025-07-25 16:49:44,115 - uzuki - INFO - Main loop started
2025-07-25 16:49:45,316 - uzuki - ERROR - ERROR in Screen._set_cursor_position: AttributeError: 'Screen' object has no attribute 'screen'
2025-07-25 16:49:45,317 - uzuki - ERROR - Traceback: Traceback (most recent call last):
  File "/home/rca/proj/uzuki/uzuki/ui/screen.py", line 152, in _set_cursor_position
    file_info = self.screen.file.get_file_info()
                ^^^^^^^^^^^
AttributeError: 'Screen' object has no attribute 'screen'

2025-07-25 16:49:45,558 - uzuki - ERROR - ERROR in Screen._set_cursor_position: AttributeError: 'Screen' object has no attribute 'screen'
2025-07-25 16:49:45,558 - uzuki - ERROR - Traceback: Traceback (most recent call last):
  File "/home/rca/proj/uzuki/uzuki/ui/screen.py", line 152, in _set_cursor_position
    file_info = self.screen.file.get_file_info()
                ^^^^^^^^^^^
AttributeError: 'Screen' object has no attribute 'screen'

2025-07-25 16:49:45,796 - uzuki - ERROR - ERROR in Screen._set_cursor_position: AttributeError: 'Screen' object has no attribute 'screen'
2025-07-25 16:49:45,796 - uzuki - ERROR - Traceback: Traceback (most recent call last):
  File "/home/rca/proj/uzuki/uzuki/ui/screen.py", line 152, in _set_cursor_position
    file_info = self.screen.file.get_file_info()
                ^^^^^^^^^^^
AttributeError: 'Screen' object has no attribute 'screen'

2025-07-25 16:49:45,805 - uzuki - ERROR - ERROR in Screen._set_cursor_position: AttributeError: 'Screen' object has no attribute 'screen'
2025-07-25 16:49:45,805 - uzuki - ERROR - Traceback: Traceback (most recent call last):
  File "/home/rca/proj/uzuki/uzuki/ui/screen.py", line 152, in _set_cursor_position
    file_info = self.screen.file.get_file_info()
                ^^^^^^^^^^^
AttributeError: 'Screen' object has no attribute 'screen'

2025-07-25 16:49:45,825 - uzuki - ERROR - ERROR in Screen._set_cursor_position: AttributeError: 'Screen' object has no attribute 'screen'
2025-07-25 16:49:45,825 - uzuki - ERROR - Traceback: Traceback (most recent call last):
  File "/home/rca/proj/uzuki/uzuki/ui/screen.py", line 152, in _set_cursor_position
    file_info = self.screen.file.get_file_info()
                ^^^^^^^^^^^
AttributeError: 'Screen' object has no attribute 'screen'

2025-07-25 16:49:45,845 - uzuki - ERROR - ERROR in Screen._set_cursor_position: AttributeError: 'Screen' object has no attribute 'screen'
2025-07-25 16:49:45,846 - uzuki - ERROR - Traceback: Traceback (most recent call last):
  File "/home/rca/proj/uzuki/uzuki/ui/screen.py", line 152, in _set_cursor_position
    file_info = self.screen.file.get_file_info()
                ^^^^^^^^^^^
AttributeError: 'Screen' object has no attribute 'screen'

2025-07-25 16:49:45,865 - uzuki - ERROR - ERROR in Screen._set_cursor_position: AttributeError: 'Screen' object has no attribute 'screen'
2025-07-25 16:49:45,865 - uzuki - ERROR - Traceback: Traceback (most recent call last):
  File "/home/rca/proj/uzuki/uzuki/ui/screen.py", line 152, in _set_cursor_position
    file_info = self.screen.file.get_file_info()
                ^^^^^^^^^^^
AttributeError: 'Screen' object has no attribute 'screen'

2025-07-25 16:49:45,884 - uzuki - ERROR - ERROR in Screen._set_cursor_position: AttributeError: 'Screen' object has no attribute 'screen'
2025-07-25 16:49:45,885 - uzuki - ERROR - Traceback: Traceback (most recent call last):
  File "/home/rca/proj/uzuki/uzuki/ui/screen.py", line 152, in _set_cursor_position
    file_info = self.screen.file.get_file_info()
                ^^^^^^^^^^^
AttributeError: 'Screen' object has no attribute 'screen'

2025-07-25 16:49:45,904 - uzuki - ERROR - ERROR in Screen._set_cursor_position: AttributeError: 'Screen' object has no attribute 'screen'
2025-07-25 16:49:45,905 - uzuki - ERROR - Traceback: Traceback (most recent call last):
  File "/home/rca/proj/uzuki/uzuki/ui/screen.py", line 152, in _set_cursor_position
    file_info = self.screen.file.get_file_info()
                ^^^^^^^^^^^
AttributeError: 'Screen' object has no attribute 'screen'

2025-07-25 16:49:46,113 - uzuki - ERROR - ERROR in Screen._set_cursor_position: AttributeError: 'Screen' object has no attribute 'screen'
2025-07-25 16:49:46,114 - uzuki - ERROR - Traceback: Traceback (most recent call last):
  File "/home/rca/proj/uzuki/uzuki/ui/screen.py", line 152, in _set_cursor_position
    file_info = self.screen.file.get_file_info()
                ^^^^^^^^^^^
AttributeError: 'Screen' object has no attribute 'screen'

2025-07-25 16:49:46,275 - uzuki - ERROR - ERROR in Screen._set_cursor_position: AttributeError: 'Screen' object has no attribute 'screen'
2025-07-25 16:49:46,276 - uzuki - ERROR - Traceback: Traceback (most recent call last):
  File "/home/rca/proj/uzuki/uzuki/ui/screen.py", line 152, in _set_cursor_position
    file_info = self.screen.file.get_file_info()
                ^^^^^^^^^^^
AttributeError: 'Screen' object has no attribute 'screen'

2025-07-25 16:49:46,432 - uzuki - ERROR - ERROR in Screen._set_cursor_position: AttributeError: 'Screen' object has no attribute 'screen'
2025-07-25 16:49:46,432 - uzuki - ERROR - Traceback: Traceback (most recent call last):
  File "/home/rca/proj/uzuki/uzuki/ui/screen.py", line 152, in _set_cursor_position
    file_info = self.screen.file.get_file_info()
                ^^^^^^^^^^^
AttributeError: 'Screen' object has no attribute 'screen'

2025-07-25 16:49:46,578 - uzuki - ERROR - ERROR in Screen._set_cursor_position: AttributeError: 'Screen' object has no attribute 'screen'
2025-07-25 16:49:46,579 - uzuki - ERROR - Traceback: Traceback (most recent call last):
  File "/home/rca/proj/uzuki/uzuki/ui/screen.py", line 152, in _set_cursor_position
    file_info = self.screen.file.get_file_info()
                ^^^^^^^^^^^
AttributeError: 'Screen' object has no attribute 'screen'

2025-07-25 16:49:46,707 - uzuki - ERROR - ERROR in Screen._set_cursor_position: AttributeError: 'Screen' object has no attribute 'screen'
2025-07-25 16:49:46,707 - uzuki - ERROR - Traceback: Traceback (most recent call last):
  File "/home/rca/proj/uzuki/uzuki/ui/screen.py", line 152, in _set_cursor_position
    file_info = self.screen.file.get_file_info()
                ^^^^^^^^^^^
AttributeError: 'Screen' object has no attribute 'screen'

2025-07-25 16:49:46,841 - uzuki - ERROR - ERROR in Screen._set_cursor_position: AttributeError: 'Screen' object has no attribute 'screen'
2025-07-25 16:49:46,842 - uzuki - ERROR - Traceback: Traceback (most recent call last):
  File "/home/rca/proj/uzuki/uzuki/ui/screen.py", line 152, in _set_cursor_position
    file_info = self.screen.file.get_file_info()
                ^^^^^^^^^^^
AttributeError: 'Screen' object has no attribute 'screen'

2025-07-25 16:50:47,943 - uzuki - ERROR - ERROR in Screen._set_cursor_position: AttributeError: 'Screen' object has no attribute 'screen'
2025-07-25 16:50:47,944 - uzuki - ERROR - Traceback: Traceback (most recent call last):
  File "/home/rca/proj/uzuki/uzuki/ui/screen.py", line 152, in _set_cursor_position
    file_info = self.screen.file.get_file_info()
                ^^^^^^^^^^^
AttributeError: 'Screen' object has no attribute 'screen'

2025-07-25 16:50:48,160 - uzuki - ERROR - ERROR in Screen._set_cursor_position: AttributeError: 'Screen' object has no attribute 'screen'
2025-07-25 16:50:48,161 - uzuki - ERROR - Traceback: Traceback (most recent call last):
  File "/home/rca/proj/uzuki/uzuki/ui/screen.py", line 152, in _set_cursor_position
    file_info = self.screen.file.get_file_info()
                ^^^^^^^^^^^
AttributeError: 'Screen' object has no attribute 'screen'

2025-07-25 16:50:48,638 - uzuki - ERROR - ERROR in Screen._set_cursor_position: AttributeError: 'Screen' object has no attribute 'screen'
2025-07-25 16:50:48,638 - uzuki - ERROR - Traceback: Traceback (most recent call last):
  File "/home/rca/proj/uzuki/uzuki/ui/screen.py", line 152, in _set_cursor_position
    file_info = self.screen.file.get_file_info()
                ^^^^^^^^^^^
AttributeError: 'Screen' object has no attribute 'screen'

2025-07-25 16:50:48,762 - uzuki - ERROR - ERROR in Screen._set_cursor_position: AttributeError: 'Screen' object has no attribute 'screen'
2025-07-25 16:50:48,763 - uzuki - ERROR - Traceback: Traceback (most recent call last):
  File "/home/rca/proj/uzuki/uzuki/ui/screen.py", line 152, in _set_cursor_position
    file_info = self.screen.file.get_file_info()
                ^^^^^^^^^^^
AttributeError: 'Screen' object has no attribute 'screen'

2025-07-25 16:50:48,838 - uzuki - INFO - Service container shutdown completed
