2025-07-25 16:39:38,783 - uzuki - INFO - Screen initialized
2025-07-25 16:39:38,783 - uzuki - DEBUG - Service registered: IEditorService
2025-07-25 16:39:38,783 - uzuki - DEBUG - Service registered: IFileService
2025-07-25 16:39:38,783 - uzuki - DEBUG - Service registered: INotificationService
2025-07-25 16:39:38,783 - uzuki - DEBUG - Service registered: IConfigService
2025-07-25 16:39:38,783 - uzuki - INFO - Default services registered
2025-07-25 16:39:38,783 - uzuki - DEBUG - UIController initialized
2025-07-25 16:39:38,784 - uzuki - DEBUG - Greeting content updated
2025-07-25 16:39:38,784 - uzuki - INFO - Screen initialization completed
2025-07-25 16:39:38,786 - uzuki - DEBUG - Greeting content updated
2025-07-25 16:39:39,371 - uzuki - DEBUG - Show greeting set to: False
2025-07-25 16:39:39,372 - uzuki - INFO - Greeting displayed and disabled
2025-07-25 16:39:39,372 - uzuki - INFO - Main loop started
2025-07-25 16:39:42,048 - uzuki - ERROR - ERROR in Screen._set_cursor_position: AttributeError: 'Screen' object has no attribute 'screen'
2025-07-25 16:39:42,049 - uzuki - ERROR - Traceback: Traceback (most recent call last):
  File "/home/rca/proj/uzuki/uzuki/ui/screen.py", line 152, in _set_cursor_position
    file_info = self.screen.file.get_file_info()
                ^^^^^^^^^^^
AttributeError: 'Screen' object has no attribute 'screen'

2025-07-25 16:39:42,361 - uzuki - ERROR - ERROR in Screen._set_cursor_position: AttributeError: 'Screen' object has no attribute 'screen'
2025-07-25 16:39:42,362 - uzuki - ERROR - Traceback: Traceback (most recent call last):
  File "/home/rca/proj/uzuki/uzuki/ui/screen.py", line 152, in _set_cursor_position
    file_info = self.screen.file.get_file_info()
                ^^^^^^^^^^^
AttributeError: 'Screen' object has no attribute 'screen'

2025-07-25 16:39:42,608 - uzuki - ERROR - ERROR in Screen._set_cursor_position: AttributeError: 'Screen' object has no attribute 'screen'
2025-07-25 16:39:42,609 - uzuki - ERROR - Traceback: Traceback (most recent call last):
  File "/home/rca/proj/uzuki/uzuki/ui/screen.py", line 152, in _set_cursor_position
    file_info = self.screen.file.get_file_info()
                ^^^^^^^^^^^
AttributeError: 'Screen' object has no attribute 'screen'

2025-07-25 16:39:42,628 - uzuki - ERROR - ERROR in Screen._set_cursor_position: AttributeError: 'Screen' object has no attribute 'screen'
2025-07-25 16:39:42,629 - uzuki - ERROR - Traceback: Traceback (most recent call last):
  File "/home/rca/proj/uzuki/uzuki/ui/screen.py", line 152, in _set_cursor_position
    file_info = self.screen.file.get_file_info()
                ^^^^^^^^^^^
AttributeError: 'Screen' object has no attribute 'screen'

2025-07-25 16:39:42,648 - uzuki - ERROR - ERROR in Screen._set_cursor_position: AttributeError: 'Screen' object has no attribute 'screen'
2025-07-25 16:39:42,648 - uzuki - ERROR - Traceback: Traceback (most recent call last):
  File "/home/rca/proj/uzuki/uzuki/ui/screen.py", line 152, in _set_cursor_position
    file_info = self.screen.file.get_file_info()
                ^^^^^^^^^^^
AttributeError: 'Screen' object has no attribute 'screen'

2025-07-25 16:39:42,668 - uzuki - ERROR - ERROR in Screen._set_cursor_position: AttributeError: 'Screen' object has no attribute 'screen'
2025-07-25 16:39:42,669 - uzuki - ERROR - Traceback: Traceback (most recent call last):
  File "/home/rca/proj/uzuki/uzuki/ui/screen.py", line 152, in _set_cursor_position
    file_info = self.screen.file.get_file_info()
                ^^^^^^^^^^^
AttributeError: 'Screen' object has no attribute 'screen'

2025-07-25 16:39:42,688 - uzuki - ERROR - ERROR in Screen._set_cursor_position: AttributeError: 'Screen' object has no attribute 'screen'
2025-07-25 16:39:42,689 - uzuki - ERROR - Traceback: Traceback (most recent call last):
  File "/home/rca/proj/uzuki/uzuki/ui/screen.py", line 152, in _set_cursor_position
    file_info = self.screen.file.get_file_info()
                ^^^^^^^^^^^
AttributeError: 'Screen' object has no attribute 'screen'

2025-07-25 16:39:42,708 - uzuki - ERROR - ERROR in Screen._set_cursor_position: AttributeError: 'Screen' object has no attribute 'screen'
2025-07-25 16:39:42,708 - uzuki - ERROR - Traceback: Traceback (most recent call last):
  File "/home/rca/proj/uzuki/uzuki/ui/screen.py", line 152, in _set_cursor_position
    file_info = self.screen.file.get_file_info()
                ^^^^^^^^^^^
AttributeError: 'Screen' object has no attribute 'screen'

2025-07-25 16:39:42,728 - uzuki - ERROR - ERROR in Screen._set_cursor_position: AttributeError: 'Screen' object has no attribute 'screen'
2025-07-25 16:39:42,729 - uzuki - ERROR - Traceback: Traceback (most recent call last):
  File "/home/rca/proj/uzuki/uzuki/ui/screen.py", line 152, in _set_cursor_position
    file_info = self.screen.file.get_file_info()
                ^^^^^^^^^^^
AttributeError: 'Screen' object has no attribute 'screen'

2025-07-25 16:39:42,748 - uzuki - ERROR - ERROR in Screen._set_cursor_position: AttributeError: 'Screen' object has no attribute 'screen'
2025-07-25 16:39:42,749 - uzuki - ERROR - Traceback: Traceback (most recent call last):
  File "/home/rca/proj/uzuki/uzuki/ui/screen.py", line 152, in _set_cursor_position
    file_info = self.screen.file.get_file_info()
                ^^^^^^^^^^^
AttributeError: 'Screen' object has no attribute 'screen'

2025-07-25 16:39:42,773 - uzuki - ERROR - ERROR in Screen._set_cursor_position: AttributeError: 'Screen' object has no attribute 'screen'
2025-07-25 16:39:42,774 - uzuki - ERROR - Traceback: Traceback (most recent call last):
  File "/home/rca/proj/uzuki/uzuki/ui/screen.py", line 152, in _set_cursor_position
    file_info = self.screen.file.get_file_info()
                ^^^^^^^^^^^
AttributeError: 'Screen' object has no attribute 'screen'

2025-07-25 16:39:42,788 - uzuki - ERROR - ERROR in Screen._set_cursor_position: AttributeError: 'Screen' object has no attribute 'screen'
2025-07-25 16:39:42,789 - uzuki - ERROR - Traceback: Traceback (most recent call last):
  File "/home/rca/proj/uzuki/uzuki/ui/screen.py", line 152, in _set_cursor_position
    file_info = self.screen.file.get_file_info()
                ^^^^^^^^^^^
AttributeError: 'Screen' object has no attribute 'screen'

2025-07-25 16:39:42,808 - uzuki - ERROR - ERROR in Screen._set_cursor_position: AttributeError: 'Screen' object has no attribute 'screen'
2025-07-25 16:39:42,809 - uzuki - ERROR - Traceback: Traceback (most recent call last):
  File "/home/rca/proj/uzuki/uzuki/ui/screen.py", line 152, in _set_cursor_position
    file_info = self.screen.file.get_file_info()
                ^^^^^^^^^^^
AttributeError: 'Screen' object has no attribute 'screen'

2025-07-25 16:39:42,828 - uzuki - ERROR - ERROR in Screen._set_cursor_position: AttributeError: 'Screen' object has no attribute 'screen'
2025-07-25 16:39:42,829 - uzuki - ERROR - Traceback: Traceback (most recent call last):
  File "/home/rca/proj/uzuki/uzuki/ui/screen.py", line 152, in _set_cursor_position
    file_info = self.screen.file.get_file_info()
                ^^^^^^^^^^^
AttributeError: 'Screen' object has no attribute 'screen'

2025-07-25 16:39:42,849 - uzuki - ERROR - ERROR in Screen._set_cursor_position: AttributeError: 'Screen' object has no attribute 'screen'
2025-07-25 16:39:42,850 - uzuki - ERROR - Traceback: Traceback (most recent call last):
  File "/home/rca/proj/uzuki/uzuki/ui/screen.py", line 152, in _set_cursor_position
    file_info = self.screen.file.get_file_info()
                ^^^^^^^^^^^
AttributeError: 'Screen' object has no attribute 'screen'

2025-07-25 16:39:42,868 - uzuki - ERROR - ERROR in Screen._set_cursor_position: AttributeError: 'Screen' object has no attribute 'screen'
2025-07-25 16:39:42,869 - uzuki - ERROR - Traceback: Traceback (most recent call last):
  File "/home/rca/proj/uzuki/uzuki/ui/screen.py", line 152, in _set_cursor_position
    file_info = self.screen.file.get_file_info()
                ^^^^^^^^^^^
AttributeError: 'Screen' object has no attribute 'screen'

2025-07-25 16:39:43,024 - uzuki - ERROR - ERROR in Screen._set_cursor_position: AttributeError: 'Screen' object has no attribute 'screen'
2025-07-25 16:39:43,025 - uzuki - ERROR - Traceback: Traceback (most recent call last):
  File "/home/rca/proj/uzuki/uzuki/ui/screen.py", line 152, in _set_cursor_position
    file_info = self.screen.file.get_file_info()
                ^^^^^^^^^^^
AttributeError: 'Screen' object has no attribute 'screen'

2025-07-25 16:39:43,218 - uzuki - ERROR - ERROR in Screen._set_cursor_position: AttributeError: 'Screen' object has no attribute 'screen'
2025-07-25 16:39:43,218 - uzuki - ERROR - Traceback: Traceback (most recent call last):
  File "/home/rca/proj/uzuki/uzuki/ui/screen.py", line 152, in _set_cursor_position
    file_info = self.screen.file.get_file_info()
                ^^^^^^^^^^^
AttributeError: 'Screen' object has no attribute 'screen'

2025-07-25 16:39:43,457 - uzuki - ERROR - ERROR in Screen._set_cursor_position: AttributeError: 'Screen' object has no attribute 'screen'
2025-07-25 16:39:43,457 - uzuki - ERROR - Traceback: Traceback (most recent call last):
  File "/home/rca/proj/uzuki/uzuki/ui/screen.py", line 152, in _set_cursor_position
    file_info = self.screen.file.get_file_info()
                ^^^^^^^^^^^
AttributeError: 'Screen' object has no attribute 'screen'

2025-07-25 16:39:43,465 - uzuki - ERROR - ERROR in Screen._set_cursor_position: AttributeError: 'Screen' object has no attribute 'screen'
2025-07-25 16:39:43,465 - uzuki - ERROR - Traceback: Traceback (most recent call last):
  File "/home/rca/proj/uzuki/uzuki/ui/screen.py", line 152, in _set_cursor_position
    file_info = self.screen.file.get_file_info()
                ^^^^^^^^^^^
AttributeError: 'Screen' object has no attribute 'screen'

2025-07-25 16:39:43,485 - uzuki - ERROR - ERROR in Screen._set_cursor_position: AttributeError: 'Screen' object has no attribute 'screen'
2025-07-25 16:39:43,485 - uzuki - ERROR - Traceback: Traceback (most recent call last):
  File "/home/rca/proj/uzuki/uzuki/ui/screen.py", line 152, in _set_cursor_position
    file_info = self.screen.file.get_file_info()
                ^^^^^^^^^^^
AttributeError: 'Screen' object has no attribute 'screen'

2025-07-25 16:39:43,505 - uzuki - ERROR - ERROR in Screen._set_cursor_position: AttributeError: 'Screen' object has no attribute 'screen'
2025-07-25 16:39:43,505 - uzuki - ERROR - Traceback: Traceback (most recent call last):
  File "/home/rca/proj/uzuki/uzuki/ui/screen.py", line 152, in _set_cursor_position
    file_info = self.screen.file.get_file_info()
                ^^^^^^^^^^^
AttributeError: 'Screen' object has no attribute 'screen'

2025-07-25 16:39:43,525 - uzuki - ERROR - ERROR in Screen._set_cursor_position: AttributeError: 'Screen' object has no attribute 'screen'
2025-07-25 16:39:43,525 - uzuki - ERROR - Traceback: Traceback (most recent call last):
  File "/home/rca/proj/uzuki/uzuki/ui/screen.py", line 152, in _set_cursor_position
    file_info = self.screen.file.get_file_info()
                ^^^^^^^^^^^
AttributeError: 'Screen' object has no attribute 'screen'

2025-07-25 16:39:43,545 - uzuki - ERROR - ERROR in Screen._set_cursor_position: AttributeError: 'Screen' object has no attribute 'screen'
2025-07-25 16:39:43,545 - uzuki - ERROR - Traceback: Traceback (most recent call last):
  File "/home/rca/proj/uzuki/uzuki/ui/screen.py", line 152, in _set_cursor_position
    file_info = self.screen.file.get_file_info()
                ^^^^^^^^^^^
AttributeError: 'Screen' object has no attribute 'screen'

2025-07-25 16:39:43,565 - uzuki - ERROR - ERROR in Screen._set_cursor_position: AttributeError: 'Screen' object has no attribute 'screen'
2025-07-25 16:39:43,565 - uzuki - ERROR - Traceback: Traceback (most recent call last):
  File "/home/rca/proj/uzuki/uzuki/ui/screen.py", line 152, in _set_cursor_position
    file_info = self.screen.file.get_file_info()
                ^^^^^^^^^^^
AttributeError: 'Screen' object has no attribute 'screen'

2025-07-25 16:39:43,585 - uzuki - ERROR - ERROR in Screen._set_cursor_position: AttributeError: 'Screen' object has no attribute 'screen'
2025-07-25 16:39:43,586 - uzuki - ERROR - Traceback: Traceback (most recent call last):
  File "/home/rca/proj/uzuki/uzuki/ui/screen.py", line 152, in _set_cursor_position
    file_info = self.screen.file.get_file_info()
                ^^^^^^^^^^^
AttributeError: 'Screen' object has no attribute 'screen'

2025-07-25 16:39:43,605 - uzuki - ERROR - ERROR in Screen._set_cursor_position: AttributeError: 'Screen' object has no attribute 'screen'
2025-07-25 16:39:43,606 - uzuki - ERROR - Traceback: Traceback (most recent call last):
  File "/home/rca/proj/uzuki/uzuki/ui/screen.py", line 152, in _set_cursor_position
    file_info = self.screen.file.get_file_info()
                ^^^^^^^^^^^
AttributeError: 'Screen' object has no attribute 'screen'

2025-07-25 16:39:43,626 - uzuki - ERROR - ERROR in Screen._set_cursor_position: AttributeError: 'Screen' object has no attribute 'screen'
2025-07-25 16:39:43,627 - uzuki - ERROR - Traceback: Traceback (most recent call last):
  File "/home/rca/proj/uzuki/uzuki/ui/screen.py", line 152, in _set_cursor_position
    file_info = self.screen.file.get_file_info()
                ^^^^^^^^^^^
AttributeError: 'Screen' object has no attribute 'screen'

2025-07-25 16:39:43,647 - uzuki - ERROR - ERROR in Screen._set_cursor_position: AttributeError: 'Screen' object has no attribute 'screen'
2025-07-25 16:39:43,647 - uzuki - ERROR - Traceback: Traceback (most recent call last):
  File "/home/rca/proj/uzuki/uzuki/ui/screen.py", line 152, in _set_cursor_position
    file_info = self.screen.file.get_file_info()
                ^^^^^^^^^^^
AttributeError: 'Screen' object has no attribute 'screen'

2025-07-25 16:39:43,665 - uzuki - ERROR - ERROR in Screen._set_cursor_position: AttributeError: 'Screen' object has no attribute 'screen'
2025-07-25 16:39:43,666 - uzuki - ERROR - Traceback: Traceback (most recent call last):
  File "/home/rca/proj/uzuki/uzuki/ui/screen.py", line 152, in _set_cursor_position
    file_info = self.screen.file.get_file_info()
                ^^^^^^^^^^^
AttributeError: 'Screen' object has no attribute 'screen'

2025-07-25 16:39:43,685 - uzuki - ERROR - ERROR in Screen._set_cursor_position: AttributeError: 'Screen' object has no attribute 'screen'
2025-07-25 16:39:43,686 - uzuki - ERROR - Traceback: Traceback (most recent call last):
  File "/home/rca/proj/uzuki/uzuki/ui/screen.py", line 152, in _set_cursor_position
    file_info = self.screen.file.get_file_info()
                ^^^^^^^^^^^
AttributeError: 'Screen' object has no attribute 'screen'

2025-07-25 16:39:43,705 - uzuki - ERROR - ERROR in Screen._set_cursor_position: AttributeError: 'Screen' object has no attribute 'screen'
2025-07-25 16:39:43,706 - uzuki - ERROR - Traceback: Traceback (most recent call last):
  File "/home/rca/proj/uzuki/uzuki/ui/screen.py", line 152, in _set_cursor_position
    file_info = self.screen.file.get_file_info()
                ^^^^^^^^^^^
AttributeError: 'Screen' object has no attribute 'screen'

2025-07-25 16:39:43,725 - uzuki - ERROR - ERROR in Screen._set_cursor_position: AttributeError: 'Screen' object has no attribute 'screen'
2025-07-25 16:39:43,726 - uzuki - ERROR - Traceback: Traceback (most recent call last):
  File "/home/rca/proj/uzuki/uzuki/ui/screen.py", line 152, in _set_cursor_position
    file_info = self.screen.file.get_file_info()
                ^^^^^^^^^^^
AttributeError: 'Screen' object has no attribute 'screen'

2025-07-25 16:39:43,745 - uzuki - ERROR - ERROR in Screen._set_cursor_position: AttributeError: 'Screen' object has no attribute 'screen'
2025-07-25 16:39:43,746 - uzuki - ERROR - Traceback: Traceback (most recent call last):
  File "/home/rca/proj/uzuki/uzuki/ui/screen.py", line 152, in _set_cursor_position
    file_info = self.screen.file.get_file_info()
                ^^^^^^^^^^^
AttributeError: 'Screen' object has no attribute 'screen'

2025-07-25 16:39:43,766 - uzuki - ERROR - ERROR in Screen._set_cursor_position: AttributeError: 'Screen' object has no attribute 'screen'
2025-07-25 16:39:43,767 - uzuki - ERROR - Traceback: Traceback (most recent call last):
  File "/home/rca/proj/uzuki/uzuki/ui/screen.py", line 152, in _set_cursor_position
    file_info = self.screen.file.get_file_info()
                ^^^^^^^^^^^
AttributeError: 'Screen' object has no attribute 'screen'

2025-07-25 16:39:43,785 - uzuki - ERROR - ERROR in Screen._set_cursor_position: AttributeError: 'Screen' object has no attribute 'screen'
2025-07-25 16:39:43,786 - uzuki - ERROR - Traceback: Traceback (most recent call last):
  File "/home/rca/proj/uzuki/uzuki/ui/screen.py", line 152, in _set_cursor_position
    file_info = self.screen.file.get_file_info()
                ^^^^^^^^^^^
AttributeError: 'Screen' object has no attribute 'screen'

2025-07-25 16:39:43,807 - uzuki - ERROR - ERROR in Screen._set_cursor_position: AttributeError: 'Screen' object has no attribute 'screen'
2025-07-25 16:39:43,808 - uzuki - ERROR - Traceback: Traceback (most recent call last):
  File "/home/rca/proj/uzuki/uzuki/ui/screen.py", line 152, in _set_cursor_position
    file_info = self.screen.file.get_file_info()
                ^^^^^^^^^^^
AttributeError: 'Screen' object has no attribute 'screen'

2025-07-25 16:39:43,826 - uzuki - ERROR - ERROR in Screen._set_cursor_position: AttributeError: 'Screen' object has no attribute 'screen'
2025-07-25 16:39:43,827 - uzuki - ERROR - Traceback: Traceback (most recent call last):
  File "/home/rca/proj/uzuki/uzuki/ui/screen.py", line 152, in _set_cursor_position
    file_info = self.screen.file.get_file_info()
                ^^^^^^^^^^^
AttributeError: 'Screen' object has no attribute 'screen'

2025-07-25 16:39:43,848 - uzuki - ERROR - ERROR in Screen._set_cursor_position: AttributeError: 'Screen' object has no attribute 'screen'
2025-07-25 16:39:43,849 - uzuki - ERROR - Traceback: Traceback (most recent call last):
  File "/home/rca/proj/uzuki/uzuki/ui/screen.py", line 152, in _set_cursor_position
    file_info = self.screen.file.get_file_info()
                ^^^^^^^^^^^
AttributeError: 'Screen' object has no attribute 'screen'

2025-07-25 16:40:53,086 - uzuki - ERROR - ERROR in Screen._set_cursor_position: AttributeError: 'Screen' object has no attribute 'screen'
2025-07-25 16:40:53,087 - uzuki - ERROR - Traceback: Traceback (most recent call last):
  File "/home/rca/proj/uzuki/uzuki/ui/screen.py", line 152, in _set_cursor_position
    file_info = self.screen.file.get_file_info()
                ^^^^^^^^^^^
AttributeError: 'Screen' object has no attribute 'screen'

2025-07-25 16:40:53,298 - uzuki - ERROR - ERROR in Screen._set_cursor_position: AttributeError: 'Screen' object has no attribute 'screen'
2025-07-25 16:40:53,299 - uzuki - ERROR - Traceback: Traceback (most recent call last):
  File "/home/rca/proj/uzuki/uzuki/ui/screen.py", line 152, in _set_cursor_position
    file_info = self.screen.file.get_file_info()
                ^^^^^^^^^^^
AttributeError: 'Screen' object has no attribute 'screen'

2025-07-25 16:40:53,395 - uzuki - INFO - Service container shutdown completed
