2025-07-25 16:38:34,491 - uzuki - INFO - Screen initialized
2025-07-25 16:38:34,491 - uzuki - DEBUG - Service registered: IEditorService
2025-07-25 16:38:34,491 - uzuki - DEBUG - Service registered: IFileService
2025-07-25 16:38:34,491 - uzuki - DEBUG - Service registered: INotificationService
2025-07-25 16:38:34,491 - uzuki - DEBUG - Service registered: IConfigService
2025-07-25 16:38:34,491 - uzuki - INFO - Default services registered
2025-07-25 16:38:34,492 - uzuki - DEBUG - UIController initialized
2025-07-25 16:38:34,492 - uzuki - DEBUG - Greeting content updated
2025-07-25 16:38:34,492 - uzuki - INFO - Screen initialization completed
2025-07-25 16:38:34,494 - uzuki - DEBUG - Greeting content updated
2025-07-25 16:38:35,193 - uzuki - DEBUG - Show greeting set to: False
2025-07-25 16:38:35,193 - uzuki - INFO - Greeting displayed and disabled
2025-07-25 16:38:35,193 - uzuki - INFO - Main loop started
2025-07-25 16:38:35,803 - uzuki - ERROR - ERROR in Screen._set_cursor_position: AttributeError: 'Screen' object has no attribute 'screen'
2025-07-25 16:38:35,804 - uzuki - ERROR - Traceback: Traceback (most recent call last):
  File "/home/rca/proj/uzuki/uzuki/ui/screen.py", line 152, in _set_cursor_position
    file_info = self.screen.file.get_file_info()
                ^^^^^^^^^^^
AttributeError: 'Screen' object has no attribute 'screen'

2025-07-25 16:38:36,039 - uzuki - ERROR - ERROR in Screen._set_cursor_position: AttributeError: 'Screen' object has no attribute 'screen'
2025-07-25 16:38:36,040 - uzuki - ERROR - Traceback: Traceback (most recent call last):
  File "/home/rca/proj/uzuki/uzuki/ui/screen.py", line 152, in _set_cursor_position
    file_info = self.screen.file.get_file_info()
                ^^^^^^^^^^^
AttributeError: 'Screen' object has no attribute 'screen'

2025-07-25 16:38:36,278 - uzuki - ERROR - ERROR in Screen._set_cursor_position: AttributeError: 'Screen' object has no attribute 'screen'
2025-07-25 16:38:36,279 - uzuki - ERROR - Traceback: Traceback (most recent call last):
  File "/home/rca/proj/uzuki/uzuki/ui/screen.py", line 152, in _set_cursor_position
    file_info = self.screen.file.get_file_info()
                ^^^^^^^^^^^
AttributeError: 'Screen' object has no attribute 'screen'

2025-07-25 16:38:36,287 - uzuki - ERROR - ERROR in Screen._set_cursor_position: AttributeError: 'Screen' object has no attribute 'screen'
2025-07-25 16:38:36,287 - uzuki - ERROR - Traceback: Traceback (most recent call last):
  File "/home/rca/proj/uzuki/uzuki/ui/screen.py", line 152, in _set_cursor_position
    file_info = self.screen.file.get_file_info()
                ^^^^^^^^^^^
AttributeError: 'Screen' object has no attribute 'screen'

2025-07-25 16:38:36,306 - uzuki - ERROR - ERROR in Screen._set_cursor_position: AttributeError: 'Screen' object has no attribute 'screen'
2025-07-25 16:38:36,307 - uzuki - ERROR - Traceback: Traceback (most recent call last):
  File "/home/rca/proj/uzuki/uzuki/ui/screen.py", line 152, in _set_cursor_position
    file_info = self.screen.file.get_file_info()
                ^^^^^^^^^^^
AttributeError: 'Screen' object has no attribute 'screen'

2025-07-25 16:38:36,328 - uzuki - ERROR - ERROR in Screen._set_cursor_position: AttributeError: 'Screen' object has no attribute 'screen'
2025-07-25 16:38:36,329 - uzuki - ERROR - Traceback: Traceback (most recent call last):
  File "/home/rca/proj/uzuki/uzuki/ui/screen.py", line 152, in _set_cursor_position
    file_info = self.screen.file.get_file_info()
                ^^^^^^^^^^^
AttributeError: 'Screen' object has no attribute 'screen'

2025-07-25 16:38:36,347 - uzuki - ERROR - ERROR in Screen._set_cursor_position: AttributeError: 'Screen' object has no attribute 'screen'
2025-07-25 16:38:36,348 - uzuki - ERROR - Traceback: Traceback (most recent call last):
  File "/home/rca/proj/uzuki/uzuki/ui/screen.py", line 152, in _set_cursor_position
    file_info = self.screen.file.get_file_info()
                ^^^^^^^^^^^
AttributeError: 'Screen' object has no attribute 'screen'

2025-07-25 16:38:36,367 - uzuki - ERROR - ERROR in Screen._set_cursor_position: AttributeError: 'Screen' object has no attribute 'screen'
2025-07-25 16:38:36,367 - uzuki - ERROR - Traceback: Traceback (most recent call last):
  File "/home/rca/proj/uzuki/uzuki/ui/screen.py", line 152, in _set_cursor_position
    file_info = self.screen.file.get_file_info()
                ^^^^^^^^^^^
AttributeError: 'Screen' object has no attribute 'screen'

2025-07-25 16:38:36,386 - uzuki - ERROR - ERROR in Screen._set_cursor_position: AttributeError: 'Screen' object has no attribute 'screen'
2025-07-25 16:38:36,387 - uzuki - ERROR - Traceback: Traceback (most recent call last):
  File "/home/rca/proj/uzuki/uzuki/ui/screen.py", line 152, in _set_cursor_position
    file_info = self.screen.file.get_file_info()
                ^^^^^^^^^^^
AttributeError: 'Screen' object has no attribute 'screen'

2025-07-25 16:38:36,406 - uzuki - ERROR - ERROR in Screen._set_cursor_position: AttributeError: 'Screen' object has no attribute 'screen'
2025-07-25 16:38:36,407 - uzuki - ERROR - Traceback: Traceback (most recent call last):
  File "/home/rca/proj/uzuki/uzuki/ui/screen.py", line 152, in _set_cursor_position
    file_info = self.screen.file.get_file_info()
                ^^^^^^^^^^^
AttributeError: 'Screen' object has no attribute 'screen'

2025-07-25 16:38:36,427 - uzuki - ERROR - ERROR in Screen._set_cursor_position: AttributeError: 'Screen' object has no attribute 'screen'
2025-07-25 16:38:36,428 - uzuki - ERROR - Traceback: Traceback (most recent call last):
  File "/home/rca/proj/uzuki/uzuki/ui/screen.py", line 152, in _set_cursor_position
    file_info = self.screen.file.get_file_info()
                ^^^^^^^^^^^
AttributeError: 'Screen' object has no attribute 'screen'

2025-07-25 16:38:36,447 - uzuki - ERROR - ERROR in Screen._set_cursor_position: AttributeError: 'Screen' object has no attribute 'screen'
2025-07-25 16:38:36,448 - uzuki - ERROR - Traceback: Traceback (most recent call last):
  File "/home/rca/proj/uzuki/uzuki/ui/screen.py", line 152, in _set_cursor_position
    file_info = self.screen.file.get_file_info()
                ^^^^^^^^^^^
AttributeError: 'Screen' object has no attribute 'screen'

2025-07-25 16:38:36,467 - uzuki - ERROR - ERROR in Screen._set_cursor_position: AttributeError: 'Screen' object has no attribute 'screen'
2025-07-25 16:38:36,467 - uzuki - ERROR - Traceback: Traceback (most recent call last):
  File "/home/rca/proj/uzuki/uzuki/ui/screen.py", line 152, in _set_cursor_position
    file_info = self.screen.file.get_file_info()
                ^^^^^^^^^^^
AttributeError: 'Screen' object has no attribute 'screen'

2025-07-25 16:38:36,487 - uzuki - ERROR - ERROR in Screen._set_cursor_position: AttributeError: 'Screen' object has no attribute 'screen'
2025-07-25 16:38:36,487 - uzuki - ERROR - Traceback: Traceback (most recent call last):
  File "/home/rca/proj/uzuki/uzuki/ui/screen.py", line 152, in _set_cursor_position
    file_info = self.screen.file.get_file_info()
                ^^^^^^^^^^^
AttributeError: 'Screen' object has no attribute 'screen'

2025-07-25 16:38:36,506 - uzuki - ERROR - ERROR in Screen._set_cursor_position: AttributeError: 'Screen' object has no attribute 'screen'
2025-07-25 16:38:36,507 - uzuki - ERROR - Traceback: Traceback (most recent call last):
  File "/home/rca/proj/uzuki/uzuki/ui/screen.py", line 152, in _set_cursor_position
    file_info = self.screen.file.get_file_info()
                ^^^^^^^^^^^
AttributeError: 'Screen' object has no attribute 'screen'

2025-07-25 16:38:36,528 - uzuki - ERROR - ERROR in Screen._set_cursor_position: AttributeError: 'Screen' object has no attribute 'screen'
2025-07-25 16:38:36,528 - uzuki - ERROR - Traceback: Traceback (most recent call last):
  File "/home/rca/proj/uzuki/uzuki/ui/screen.py", line 152, in _set_cursor_position
    file_info = self.screen.file.get_file_info()
                ^^^^^^^^^^^
AttributeError: 'Screen' object has no attribute 'screen'

2025-07-25 16:38:36,547 - uzuki - ERROR - ERROR in Screen._set_cursor_position: AttributeError: 'Screen' object has no attribute 'screen'
2025-07-25 16:38:36,547 - uzuki - ERROR - Traceback: Traceback (most recent call last):
  File "/home/rca/proj/uzuki/uzuki/ui/screen.py", line 152, in _set_cursor_position
    file_info = self.screen.file.get_file_info()
                ^^^^^^^^^^^
AttributeError: 'Screen' object has no attribute 'screen'

2025-07-25 16:38:36,567 - uzuki - ERROR - ERROR in Screen._set_cursor_position: AttributeError: 'Screen' object has no attribute 'screen'
2025-07-25 16:38:36,567 - uzuki - ERROR - Traceback: Traceback (most recent call last):
  File "/home/rca/proj/uzuki/uzuki/ui/screen.py", line 152, in _set_cursor_position
    file_info = self.screen.file.get_file_info()
                ^^^^^^^^^^^
AttributeError: 'Screen' object has no attribute 'screen'

2025-07-25 16:38:36,683 - uzuki - ERROR - ERROR in Screen._set_cursor_position: AttributeError: 'Screen' object has no attribute 'screen'
2025-07-25 16:38:36,684 - uzuki - ERROR - Traceback: Traceback (most recent call last):
  File "/home/rca/proj/uzuki/uzuki/ui/screen.py", line 152, in _set_cursor_position
    file_info = self.screen.file.get_file_info()
                ^^^^^^^^^^^
AttributeError: 'Screen' object has no attribute 'screen'

2025-07-25 16:38:36,930 - uzuki - ERROR - ERROR in Screen._set_cursor_position: AttributeError: 'Screen' object has no attribute 'screen'
2025-07-25 16:38:36,931 - uzuki - ERROR - Traceback: Traceback (most recent call last):
  File "/home/rca/proj/uzuki/uzuki/ui/screen.py", line 152, in _set_cursor_position
    file_info = self.screen.file.get_file_info()
                ^^^^^^^^^^^
AttributeError: 'Screen' object has no attribute 'screen'

2025-07-25 16:38:36,950 - uzuki - ERROR - ERROR in Screen._set_cursor_position: AttributeError: 'Screen' object has no attribute 'screen'
2025-07-25 16:38:36,951 - uzuki - ERROR - Traceback: Traceback (most recent call last):
  File "/home/rca/proj/uzuki/uzuki/ui/screen.py", line 152, in _set_cursor_position
    file_info = self.screen.file.get_file_info()
                ^^^^^^^^^^^
AttributeError: 'Screen' object has no attribute 'screen'

2025-07-25 16:38:36,970 - uzuki - ERROR - ERROR in Screen._set_cursor_position: AttributeError: 'Screen' object has no attribute 'screen'
2025-07-25 16:38:36,971 - uzuki - ERROR - Traceback: Traceback (most recent call last):
  File "/home/rca/proj/uzuki/uzuki/ui/screen.py", line 152, in _set_cursor_position
    file_info = self.screen.file.get_file_info()
                ^^^^^^^^^^^
AttributeError: 'Screen' object has no attribute 'screen'

2025-07-25 16:38:36,990 - uzuki - ERROR - ERROR in Screen._set_cursor_position: AttributeError: 'Screen' object has no attribute 'screen'
2025-07-25 16:38:36,991 - uzuki - ERROR - Traceback: Traceback (most recent call last):
  File "/home/rca/proj/uzuki/uzuki/ui/screen.py", line 152, in _set_cursor_position
    file_info = self.screen.file.get_file_info()
                ^^^^^^^^^^^
AttributeError: 'Screen' object has no attribute 'screen'

2025-07-25 16:38:37,010 - uzuki - ERROR - ERROR in Screen._set_cursor_position: AttributeError: 'Screen' object has no attribute 'screen'
2025-07-25 16:38:37,011 - uzuki - ERROR - Traceback: Traceback (most recent call last):
  File "/home/rca/proj/uzuki/uzuki/ui/screen.py", line 152, in _set_cursor_position
    file_info = self.screen.file.get_file_info()
                ^^^^^^^^^^^
AttributeError: 'Screen' object has no attribute 'screen'

2025-07-25 16:38:37,030 - uzuki - ERROR - ERROR in Screen._set_cursor_position: AttributeError: 'Screen' object has no attribute 'screen'
2025-07-25 16:38:37,031 - uzuki - ERROR - Traceback: Traceback (most recent call last):
  File "/home/rca/proj/uzuki/uzuki/ui/screen.py", line 152, in _set_cursor_position
    file_info = self.screen.file.get_file_info()
                ^^^^^^^^^^^
AttributeError: 'Screen' object has no attribute 'screen'

2025-07-25 16:38:37,050 - uzuki - ERROR - ERROR in Screen._set_cursor_position: AttributeError: 'Screen' object has no attribute 'screen'
2025-07-25 16:38:37,051 - uzuki - ERROR - Traceback: Traceback (most recent call last):
  File "/home/rca/proj/uzuki/uzuki/ui/screen.py", line 152, in _set_cursor_position
    file_info = self.screen.file.get_file_info()
                ^^^^^^^^^^^
AttributeError: 'Screen' object has no attribute 'screen'

2025-07-25 16:38:37,071 - uzuki - ERROR - ERROR in Screen._set_cursor_position: AttributeError: 'Screen' object has no attribute 'screen'
2025-07-25 16:38:37,071 - uzuki - ERROR - Traceback: Traceback (most recent call last):
  File "/home/rca/proj/uzuki/uzuki/ui/screen.py", line 152, in _set_cursor_position
    file_info = self.screen.file.get_file_info()
                ^^^^^^^^^^^
AttributeError: 'Screen' object has no attribute 'screen'

2025-07-25 16:38:37,090 - uzuki - ERROR - ERROR in Screen._set_cursor_position: AttributeError: 'Screen' object has no attribute 'screen'
2025-07-25 16:38:37,090 - uzuki - ERROR - Traceback: Traceback (most recent call last):
  File "/home/rca/proj/uzuki/uzuki/ui/screen.py", line 152, in _set_cursor_position
    file_info = self.screen.file.get_file_info()
                ^^^^^^^^^^^
AttributeError: 'Screen' object has no attribute 'screen'

2025-07-25 16:38:37,110 - uzuki - ERROR - ERROR in Screen._set_cursor_position: AttributeError: 'Screen' object has no attribute 'screen'
2025-07-25 16:38:37,111 - uzuki - ERROR - Traceback: Traceback (most recent call last):
  File "/home/rca/proj/uzuki/uzuki/ui/screen.py", line 152, in _set_cursor_position
    file_info = self.screen.file.get_file_info()
                ^^^^^^^^^^^
AttributeError: 'Screen' object has no attribute 'screen'

2025-07-25 16:38:37,131 - uzuki - ERROR - ERROR in Screen._set_cursor_position: AttributeError: 'Screen' object has no attribute 'screen'
2025-07-25 16:38:37,131 - uzuki - ERROR - Traceback: Traceback (most recent call last):
  File "/home/rca/proj/uzuki/uzuki/ui/screen.py", line 152, in _set_cursor_position
    file_info = self.screen.file.get_file_info()
                ^^^^^^^^^^^
AttributeError: 'Screen' object has no attribute 'screen'

2025-07-25 16:38:37,150 - uzuki - ERROR - ERROR in Screen._set_cursor_position: AttributeError: 'Screen' object has no attribute 'screen'
2025-07-25 16:38:37,151 - uzuki - ERROR - Traceback: Traceback (most recent call last):
  File "/home/rca/proj/uzuki/uzuki/ui/screen.py", line 152, in _set_cursor_position
    file_info = self.screen.file.get_file_info()
                ^^^^^^^^^^^
AttributeError: 'Screen' object has no attribute 'screen'

2025-07-25 16:38:37,171 - uzuki - ERROR - ERROR in Screen._set_cursor_position: AttributeError: 'Screen' object has no attribute 'screen'
2025-07-25 16:38:37,171 - uzuki - ERROR - Traceback: Traceback (most recent call last):
  File "/home/rca/proj/uzuki/uzuki/ui/screen.py", line 152, in _set_cursor_position
    file_info = self.screen.file.get_file_info()
                ^^^^^^^^^^^
AttributeError: 'Screen' object has no attribute 'screen'

2025-07-25 16:38:37,191 - uzuki - ERROR - ERROR in Screen._set_cursor_position: AttributeError: 'Screen' object has no attribute 'screen'
2025-07-25 16:38:37,192 - uzuki - ERROR - Traceback: Traceback (most recent call last):
  File "/home/rca/proj/uzuki/uzuki/ui/screen.py", line 152, in _set_cursor_position
    file_info = self.screen.file.get_file_info()
                ^^^^^^^^^^^
AttributeError: 'Screen' object has no attribute 'screen'

2025-07-25 16:38:37,211 - uzuki - ERROR - ERROR in Screen._set_cursor_position: AttributeError: 'Screen' object has no attribute 'screen'
2025-07-25 16:38:37,212 - uzuki - ERROR - Traceback: Traceback (most recent call last):
  File "/home/rca/proj/uzuki/uzuki/ui/screen.py", line 152, in _set_cursor_position
    file_info = self.screen.file.get_file_info()
                ^^^^^^^^^^^
AttributeError: 'Screen' object has no attribute 'screen'

2025-07-25 16:38:37,231 - uzuki - ERROR - ERROR in Screen._set_cursor_position: AttributeError: 'Screen' object has no attribute 'screen'
2025-07-25 16:38:37,231 - uzuki - ERROR - Traceback: Traceback (most recent call last):
  File "/home/rca/proj/uzuki/uzuki/ui/screen.py", line 152, in _set_cursor_position
    file_info = self.screen.file.get_file_info()
                ^^^^^^^^^^^
AttributeError: 'Screen' object has no attribute 'screen'

2025-07-25 16:38:37,250 - uzuki - ERROR - ERROR in Screen._set_cursor_position: AttributeError: 'Screen' object has no attribute 'screen'
2025-07-25 16:38:37,251 - uzuki - ERROR - Traceback: Traceback (most recent call last):
  File "/home/rca/proj/uzuki/uzuki/ui/screen.py", line 152, in _set_cursor_position
    file_info = self.screen.file.get_file_info()
                ^^^^^^^^^^^
AttributeError: 'Screen' object has no attribute 'screen'

2025-07-25 16:38:37,270 - uzuki - ERROR - ERROR in Screen._set_cursor_position: AttributeError: 'Screen' object has no attribute 'screen'
2025-07-25 16:38:37,271 - uzuki - ERROR - Traceback: Traceback (most recent call last):
  File "/home/rca/proj/uzuki/uzuki/ui/screen.py", line 152, in _set_cursor_position
    file_info = self.screen.file.get_file_info()
                ^^^^^^^^^^^
AttributeError: 'Screen' object has no attribute 'screen'

2025-07-25 16:38:37,290 - uzuki - ERROR - ERROR in Screen._set_cursor_position: AttributeError: 'Screen' object has no attribute 'screen'
2025-07-25 16:38:37,291 - uzuki - ERROR - Traceback: Traceback (most recent call last):
  File "/home/rca/proj/uzuki/uzuki/ui/screen.py", line 152, in _set_cursor_position
    file_info = self.screen.file.get_file_info()
                ^^^^^^^^^^^
AttributeError: 'Screen' object has no attribute 'screen'

2025-07-25 16:38:37,310 - uzuki - ERROR - ERROR in Screen._set_cursor_position: AttributeError: 'Screen' object has no attribute 'screen'
2025-07-25 16:38:37,311 - uzuki - ERROR - Traceback: Traceback (most recent call last):
  File "/home/rca/proj/uzuki/uzuki/ui/screen.py", line 152, in _set_cursor_position
    file_info = self.screen.file.get_file_info()
                ^^^^^^^^^^^
AttributeError: 'Screen' object has no attribute 'screen'

2025-07-25 16:38:37,331 - uzuki - ERROR - ERROR in Screen._set_cursor_position: AttributeError: 'Screen' object has no attribute 'screen'
2025-07-25 16:38:37,331 - uzuki - ERROR - Traceback: Traceback (most recent call last):
  File "/home/rca/proj/uzuki/uzuki/ui/screen.py", line 152, in _set_cursor_position
    file_info = self.screen.file.get_file_info()
                ^^^^^^^^^^^
AttributeError: 'Screen' object has no attribute 'screen'

2025-07-25 16:38:37,350 - uzuki - ERROR - ERROR in Screen._set_cursor_position: AttributeError: 'Screen' object has no attribute 'screen'
2025-07-25 16:38:37,350 - uzuki - ERROR - Traceback: Traceback (most recent call last):
  File "/home/rca/proj/uzuki/uzuki/ui/screen.py", line 152, in _set_cursor_position
    file_info = self.screen.file.get_file_info()
                ^^^^^^^^^^^
AttributeError: 'Screen' object has no attribute 'screen'

2025-07-25 16:38:37,370 - uzuki - ERROR - ERROR in Screen._set_cursor_position: AttributeError: 'Screen' object has no attribute 'screen'
2025-07-25 16:38:37,371 - uzuki - ERROR - Traceback: Traceback (most recent call last):
  File "/home/rca/proj/uzuki/uzuki/ui/screen.py", line 152, in _set_cursor_position
    file_info = self.screen.file.get_file_info()
                ^^^^^^^^^^^
AttributeError: 'Screen' object has no attribute 'screen'

2025-07-25 16:38:37,390 - uzuki - ERROR - ERROR in Screen._set_cursor_position: AttributeError: 'Screen' object has no attribute 'screen'
2025-07-25 16:38:37,390 - uzuki - ERROR - Traceback: Traceback (most recent call last):
  File "/home/rca/proj/uzuki/uzuki/ui/screen.py", line 152, in _set_cursor_position
    file_info = self.screen.file.get_file_info()
                ^^^^^^^^^^^
AttributeError: 'Screen' object has no attribute 'screen'

2025-07-25 16:38:37,412 - uzuki - ERROR - ERROR in Screen._set_cursor_position: AttributeError: 'Screen' object has no attribute 'screen'
2025-07-25 16:38:37,413 - uzuki - ERROR - Traceback: Traceback (most recent call last):
  File "/home/rca/proj/uzuki/uzuki/ui/screen.py", line 152, in _set_cursor_position
    file_info = self.screen.file.get_file_info()
                ^^^^^^^^^^^
AttributeError: 'Screen' object has no attribute 'screen'

2025-07-25 16:38:37,430 - uzuki - ERROR - ERROR in Screen._set_cursor_position: AttributeError: 'Screen' object has no attribute 'screen'
2025-07-25 16:38:37,431 - uzuki - ERROR - Traceback: Traceback (most recent call last):
  File "/home/rca/proj/uzuki/uzuki/ui/screen.py", line 152, in _set_cursor_position
    file_info = self.screen.file.get_file_info()
                ^^^^^^^^^^^
AttributeError: 'Screen' object has no attribute 'screen'

2025-07-25 16:38:37,450 - uzuki - ERROR - ERROR in Screen._set_cursor_position: AttributeError: 'Screen' object has no attribute 'screen'
2025-07-25 16:38:37,451 - uzuki - ERROR - Traceback: Traceback (most recent call last):
  File "/home/rca/proj/uzuki/uzuki/ui/screen.py", line 152, in _set_cursor_position
    file_info = self.screen.file.get_file_info()
                ^^^^^^^^^^^
AttributeError: 'Screen' object has no attribute 'screen'

2025-07-25 16:38:37,470 - uzuki - ERROR - ERROR in Screen._set_cursor_position: AttributeError: 'Screen' object has no attribute 'screen'
2025-07-25 16:38:37,471 - uzuki - ERROR - Traceback: Traceback (most recent call last):
  File "/home/rca/proj/uzuki/uzuki/ui/screen.py", line 152, in _set_cursor_position
    file_info = self.screen.file.get_file_info()
                ^^^^^^^^^^^
AttributeError: 'Screen' object has no attribute 'screen'

2025-07-25 16:38:37,490 - uzuki - ERROR - ERROR in Screen._set_cursor_position: AttributeError: 'Screen' object has no attribute 'screen'
2025-07-25 16:38:37,491 - uzuki - ERROR - Traceback: Traceback (most recent call last):
  File "/home/rca/proj/uzuki/uzuki/ui/screen.py", line 152, in _set_cursor_position
    file_info = self.screen.file.get_file_info()
                ^^^^^^^^^^^
AttributeError: 'Screen' object has no attribute 'screen'

2025-07-25 16:38:37,510 - uzuki - ERROR - ERROR in Screen._set_cursor_position: AttributeError: 'Screen' object has no attribute 'screen'
2025-07-25 16:38:37,511 - uzuki - ERROR - Traceback: Traceback (most recent call last):
  File "/home/rca/proj/uzuki/uzuki/ui/screen.py", line 152, in _set_cursor_position
    file_info = self.screen.file.get_file_info()
                ^^^^^^^^^^^
AttributeError: 'Screen' object has no attribute 'screen'

2025-07-25 16:38:37,530 - uzuki - ERROR - ERROR in Screen._set_cursor_position: AttributeError: 'Screen' object has no attribute 'screen'
2025-07-25 16:38:37,531 - uzuki - ERROR - Traceback: Traceback (most recent call last):
  File "/home/rca/proj/uzuki/uzuki/ui/screen.py", line 152, in _set_cursor_position
    file_info = self.screen.file.get_file_info()
                ^^^^^^^^^^^
AttributeError: 'Screen' object has no attribute 'screen'

2025-07-25 16:38:37,550 - uzuki - ERROR - ERROR in Screen._set_cursor_position: AttributeError: 'Screen' object has no attribute 'screen'
2025-07-25 16:38:37,551 - uzuki - ERROR - Traceback: Traceback (most recent call last):
  File "/home/rca/proj/uzuki/uzuki/ui/screen.py", line 152, in _set_cursor_position
    file_info = self.screen.file.get_file_info()
                ^^^^^^^^^^^
AttributeError: 'Screen' object has no attribute 'screen'

2025-07-25 16:38:37,570 - uzuki - ERROR - ERROR in Screen._set_cursor_position: AttributeError: 'Screen' object has no attribute 'screen'
2025-07-25 16:38:37,571 - uzuki - ERROR - Traceback: Traceback (most recent call last):
  File "/home/rca/proj/uzuki/uzuki/ui/screen.py", line 152, in _set_cursor_position
    file_info = self.screen.file.get_file_info()
                ^^^^^^^^^^^
AttributeError: 'Screen' object has no attribute 'screen'

2025-07-25 16:38:37,590 - uzuki - ERROR - ERROR in Screen._set_cursor_position: AttributeError: 'Screen' object has no attribute 'screen'
2025-07-25 16:38:37,591 - uzuki - ERROR - Traceback: Traceback (most recent call last):
  File "/home/rca/proj/uzuki/uzuki/ui/screen.py", line 152, in _set_cursor_position
    file_info = self.screen.file.get_file_info()
                ^^^^^^^^^^^
AttributeError: 'Screen' object has no attribute 'screen'

2025-07-25 16:38:37,610 - uzuki - ERROR - ERROR in Screen._set_cursor_position: AttributeError: 'Screen' object has no attribute 'screen'
2025-07-25 16:38:37,611 - uzuki - ERROR - Traceback: Traceback (most recent call last):
  File "/home/rca/proj/uzuki/uzuki/ui/screen.py", line 152, in _set_cursor_position
    file_info = self.screen.file.get_file_info()
                ^^^^^^^^^^^
AttributeError: 'Screen' object has no attribute 'screen'

2025-07-25 16:38:37,630 - uzuki - ERROR - ERROR in Screen._set_cursor_position: AttributeError: 'Screen' object has no attribute 'screen'
2025-07-25 16:38:37,631 - uzuki - ERROR - Traceback: Traceback (most recent call last):
  File "/home/rca/proj/uzuki/uzuki/ui/screen.py", line 152, in _set_cursor_position
    file_info = self.screen.file.get_file_info()
                ^^^^^^^^^^^
AttributeError: 'Screen' object has no attribute 'screen'

2025-07-25 16:38:37,650 - uzuki - ERROR - ERROR in Screen._set_cursor_position: AttributeError: 'Screen' object has no attribute 'screen'
2025-07-25 16:38:37,650 - uzuki - ERROR - Traceback: Traceback (most recent call last):
  File "/home/rca/proj/uzuki/uzuki/ui/screen.py", line 152, in _set_cursor_position
    file_info = self.screen.file.get_file_info()
                ^^^^^^^^^^^
AttributeError: 'Screen' object has no attribute 'screen'

2025-07-25 16:38:37,671 - uzuki - ERROR - ERROR in Screen._set_cursor_position: AttributeError: 'Screen' object has no attribute 'screen'
2025-07-25 16:38:37,671 - uzuki - ERROR - Traceback: Traceback (most recent call last):
  File "/home/rca/proj/uzuki/uzuki/ui/screen.py", line 152, in _set_cursor_position
    file_info = self.screen.file.get_file_info()
                ^^^^^^^^^^^
AttributeError: 'Screen' object has no attribute 'screen'

2025-07-25 16:38:37,690 - uzuki - ERROR - ERROR in Screen._set_cursor_position: AttributeError: 'Screen' object has no attribute 'screen'
2025-07-25 16:38:37,690 - uzuki - ERROR - Traceback: Traceback (most recent call last):
  File "/home/rca/proj/uzuki/uzuki/ui/screen.py", line 152, in _set_cursor_position
    file_info = self.screen.file.get_file_info()
                ^^^^^^^^^^^
AttributeError: 'Screen' object has no attribute 'screen'

2025-07-25 16:38:37,711 - uzuki - ERROR - ERROR in Screen._set_cursor_position: AttributeError: 'Screen' object has no attribute 'screen'
2025-07-25 16:38:37,712 - uzuki - ERROR - Traceback: Traceback (most recent call last):
  File "/home/rca/proj/uzuki/uzuki/ui/screen.py", line 152, in _set_cursor_position
    file_info = self.screen.file.get_file_info()
                ^^^^^^^^^^^
AttributeError: 'Screen' object has no attribute 'screen'

2025-07-25 16:38:37,730 - uzuki - ERROR - ERROR in Screen._set_cursor_position: AttributeError: 'Screen' object has no attribute 'screen'
2025-07-25 16:38:37,731 - uzuki - ERROR - Traceback: Traceback (most recent call last):
  File "/home/rca/proj/uzuki/uzuki/ui/screen.py", line 152, in _set_cursor_position
    file_info = self.screen.file.get_file_info()
                ^^^^^^^^^^^
AttributeError: 'Screen' object has no attribute 'screen'

2025-07-25 16:38:37,750 - uzuki - ERROR - ERROR in Screen._set_cursor_position: AttributeError: 'Screen' object has no attribute 'screen'
2025-07-25 16:38:37,750 - uzuki - ERROR - Traceback: Traceback (most recent call last):
  File "/home/rca/proj/uzuki/uzuki/ui/screen.py", line 152, in _set_cursor_position
    file_info = self.screen.file.get_file_info()
                ^^^^^^^^^^^
AttributeError: 'Screen' object has no attribute 'screen'

2025-07-25 16:38:37,770 - uzuki - ERROR - ERROR in Screen._set_cursor_position: AttributeError: 'Screen' object has no attribute 'screen'
2025-07-25 16:38:37,771 - uzuki - ERROR - Traceback: Traceback (most recent call last):
  File "/home/rca/proj/uzuki/uzuki/ui/screen.py", line 152, in _set_cursor_position
    file_info = self.screen.file.get_file_info()
                ^^^^^^^^^^^
AttributeError: 'Screen' object has no attribute 'screen'

2025-07-25 16:38:37,790 - uzuki - ERROR - ERROR in Screen._set_cursor_position: AttributeError: 'Screen' object has no attribute 'screen'
2025-07-25 16:38:37,790 - uzuki - ERROR - Traceback: Traceback (most recent call last):
  File "/home/rca/proj/uzuki/uzuki/ui/screen.py", line 152, in _set_cursor_position
    file_info = self.screen.file.get_file_info()
                ^^^^^^^^^^^
AttributeError: 'Screen' object has no attribute 'screen'

2025-07-25 16:38:37,811 - uzuki - ERROR - ERROR in Screen._set_cursor_position: AttributeError: 'Screen' object has no attribute 'screen'
2025-07-25 16:38:37,812 - uzuki - ERROR - Traceback: Traceback (most recent call last):
  File "/home/rca/proj/uzuki/uzuki/ui/screen.py", line 152, in _set_cursor_position
    file_info = self.screen.file.get_file_info()
                ^^^^^^^^^^^
AttributeError: 'Screen' object has no attribute 'screen'

2025-07-25 16:38:37,830 - uzuki - ERROR - ERROR in Screen._set_cursor_position: AttributeError: 'Screen' object has no attribute 'screen'
2025-07-25 16:38:37,831 - uzuki - ERROR - Traceback: Traceback (most recent call last):
  File "/home/rca/proj/uzuki/uzuki/ui/screen.py", line 152, in _set_cursor_position
    file_info = self.screen.file.get_file_info()
                ^^^^^^^^^^^
AttributeError: 'Screen' object has no attribute 'screen'

2025-07-25 16:38:37,850 - uzuki - ERROR - ERROR in Screen._set_cursor_position: AttributeError: 'Screen' object has no attribute 'screen'
2025-07-25 16:38:37,850 - uzuki - ERROR - Traceback: Traceback (most recent call last):
  File "/home/rca/proj/uzuki/uzuki/ui/screen.py", line 152, in _set_cursor_position
    file_info = self.screen.file.get_file_info()
                ^^^^^^^^^^^
AttributeError: 'Screen' object has no attribute 'screen'

2025-07-25 16:38:37,870 - uzuki - ERROR - ERROR in Screen._set_cursor_position: AttributeError: 'Screen' object has no attribute 'screen'
2025-07-25 16:38:37,871 - uzuki - ERROR - Traceback: Traceback (most recent call last):
  File "/home/rca/proj/uzuki/uzuki/ui/screen.py", line 152, in _set_cursor_position
    file_info = self.screen.file.get_file_info()
                ^^^^^^^^^^^
AttributeError: 'Screen' object has no attribute 'screen'

2025-07-25 16:38:37,890 - uzuki - ERROR - ERROR in Screen._set_cursor_position: AttributeError: 'Screen' object has no attribute 'screen'
2025-07-25 16:38:37,890 - uzuki - ERROR - Traceback: Traceback (most recent call last):
  File "/home/rca/proj/uzuki/uzuki/ui/screen.py", line 152, in _set_cursor_position
    file_info = self.screen.file.get_file_info()
                ^^^^^^^^^^^
AttributeError: 'Screen' object has no attribute 'screen'

2025-07-25 16:38:37,911 - uzuki - ERROR - ERROR in Screen._set_cursor_position: AttributeError: 'Screen' object has no attribute 'screen'
2025-07-25 16:38:37,911 - uzuki - ERROR - Traceback: Traceback (most recent call last):
  File "/home/rca/proj/uzuki/uzuki/ui/screen.py", line 152, in _set_cursor_position
    file_info = self.screen.file.get_file_info()
                ^^^^^^^^^^^
AttributeError: 'Screen' object has no attribute 'screen'

2025-07-25 16:38:37,930 - uzuki - ERROR - ERROR in Screen._set_cursor_position: AttributeError: 'Screen' object has no attribute 'screen'
2025-07-25 16:38:37,931 - uzuki - ERROR - Traceback: Traceback (most recent call last):
  File "/home/rca/proj/uzuki/uzuki/ui/screen.py", line 152, in _set_cursor_position
    file_info = self.screen.file.get_file_info()
                ^^^^^^^^^^^
AttributeError: 'Screen' object has no attribute 'screen'

2025-07-25 16:38:37,950 - uzuki - ERROR - ERROR in Screen._set_cursor_position: AttributeError: 'Screen' object has no attribute 'screen'
2025-07-25 16:38:37,951 - uzuki - ERROR - Traceback: Traceback (most recent call last):
  File "/home/rca/proj/uzuki/uzuki/ui/screen.py", line 152, in _set_cursor_position
    file_info = self.screen.file.get_file_info()
                ^^^^^^^^^^^
AttributeError: 'Screen' object has no attribute 'screen'

2025-07-25 16:38:37,970 - uzuki - ERROR - ERROR in Screen._set_cursor_position: AttributeError: 'Screen' object has no attribute 'screen'
2025-07-25 16:38:37,971 - uzuki - ERROR - Traceback: Traceback (most recent call last):
  File "/home/rca/proj/uzuki/uzuki/ui/screen.py", line 152, in _set_cursor_position
    file_info = self.screen.file.get_file_info()
                ^^^^^^^^^^^
AttributeError: 'Screen' object has no attribute 'screen'

2025-07-25 16:38:37,990 - uzuki - ERROR - ERROR in Screen._set_cursor_position: AttributeError: 'Screen' object has no attribute 'screen'
2025-07-25 16:38:37,990 - uzuki - ERROR - Traceback: Traceback (most recent call last):
  File "/home/rca/proj/uzuki/uzuki/ui/screen.py", line 152, in _set_cursor_position
    file_info = self.screen.file.get_file_info()
                ^^^^^^^^^^^
AttributeError: 'Screen' object has no attribute 'screen'

2025-07-25 16:38:38,011 - uzuki - ERROR - ERROR in Screen._set_cursor_position: AttributeError: 'Screen' object has no attribute 'screen'
2025-07-25 16:38:38,011 - uzuki - ERROR - Traceback: Traceback (most recent call last):
  File "/home/rca/proj/uzuki/uzuki/ui/screen.py", line 152, in _set_cursor_position
    file_info = self.screen.file.get_file_info()
                ^^^^^^^^^^^
AttributeError: 'Screen' object has no attribute 'screen'

2025-07-25 16:38:38,030 - uzuki - ERROR - ERROR in Screen._set_cursor_position: AttributeError: 'Screen' object has no attribute 'screen'
2025-07-25 16:38:38,031 - uzuki - ERROR - Traceback: Traceback (most recent call last):
  File "/home/rca/proj/uzuki/uzuki/ui/screen.py", line 152, in _set_cursor_position
    file_info = self.screen.file.get_file_info()
                ^^^^^^^^^^^
AttributeError: 'Screen' object has no attribute 'screen'

2025-07-25 16:38:38,050 - uzuki - ERROR - ERROR in Screen._set_cursor_position: AttributeError: 'Screen' object has no attribute 'screen'
2025-07-25 16:38:38,051 - uzuki - ERROR - Traceback: Traceback (most recent call last):
  File "/home/rca/proj/uzuki/uzuki/ui/screen.py", line 152, in _set_cursor_position
    file_info = self.screen.file.get_file_info()
                ^^^^^^^^^^^
AttributeError: 'Screen' object has no attribute 'screen'

2025-07-25 16:38:38,070 - uzuki - ERROR - ERROR in Screen._set_cursor_position: AttributeError: 'Screen' object has no attribute 'screen'
2025-07-25 16:38:38,071 - uzuki - ERROR - Traceback: Traceback (most recent call last):
  File "/home/rca/proj/uzuki/uzuki/ui/screen.py", line 152, in _set_cursor_position
    file_info = self.screen.file.get_file_info()
                ^^^^^^^^^^^
AttributeError: 'Screen' object has no attribute 'screen'

2025-07-25 16:38:38,157 - uzuki - ERROR - ERROR in Screen._set_cursor_position: AttributeError: 'Screen' object has no attribute 'screen'
2025-07-25 16:38:38,157 - uzuki - ERROR - Traceback: Traceback (most recent call last):
  File "/home/rca/proj/uzuki/uzuki/ui/screen.py", line 152, in _set_cursor_position
    file_info = self.screen.file.get_file_info()
                ^^^^^^^^^^^
AttributeError: 'Screen' object has no attribute 'screen'

2025-07-25 16:38:38,303 - uzuki - ERROR - ERROR in Screen._set_cursor_position: AttributeError: 'Screen' object has no attribute 'screen'
2025-07-25 16:38:38,303 - uzuki - ERROR - Traceback: Traceback (most recent call last):
  File "/home/rca/proj/uzuki/uzuki/ui/screen.py", line 152, in _set_cursor_position
    file_info = self.screen.file.get_file_info()
                ^^^^^^^^^^^
AttributeError: 'Screen' object has no attribute 'screen'

2025-07-25 16:38:38,429 - uzuki - ERROR - ERROR in Screen._set_cursor_position: AttributeError: 'Screen' object has no attribute 'screen'
2025-07-25 16:38:38,429 - uzuki - ERROR - Traceback: Traceback (most recent call last):
  File "/home/rca/proj/uzuki/uzuki/ui/screen.py", line 152, in _set_cursor_position
    file_info = self.screen.file.get_file_info()
                ^^^^^^^^^^^
AttributeError: 'Screen' object has no attribute 'screen'

2025-07-25 16:38:39,257 - uzuki - ERROR - ERROR in Screen._set_cursor_position: AttributeError: 'Screen' object has no attribute 'screen'
2025-07-25 16:38:39,257 - uzuki - ERROR - Traceback: Traceback (most recent call last):
  File "/home/rca/proj/uzuki/uzuki/ui/screen.py", line 152, in _set_cursor_position
    file_info = self.screen.file.get_file_info()
                ^^^^^^^^^^^
AttributeError: 'Screen' object has no attribute 'screen'

2025-07-25 16:38:39,476 - uzuki - ERROR - ERROR in Screen._set_cursor_position: AttributeError: 'Screen' object has no attribute 'screen'
2025-07-25 16:38:39,477 - uzuki - ERROR - Traceback: Traceback (most recent call last):
  File "/home/rca/proj/uzuki/uzuki/ui/screen.py", line 152, in _set_cursor_position
    file_info = self.screen.file.get_file_info()
                ^^^^^^^^^^^
AttributeError: 'Screen' object has no attribute 'screen'

2025-07-25 16:38:39,638 - uzuki - ERROR - ERROR in Screen._set_cursor_position: AttributeError: 'Screen' object has no attribute 'screen'
2025-07-25 16:38:39,638 - uzuki - ERROR - Traceback: Traceback (most recent call last):
  File "/home/rca/proj/uzuki/uzuki/ui/screen.py", line 152, in _set_cursor_position
    file_info = self.screen.file.get_file_info()
                ^^^^^^^^^^^
AttributeError: 'Screen' object has no attribute 'screen'

2025-07-25 16:38:40,852 - uzuki - ERROR - ERROR in Screen._set_cursor_position: AttributeError: 'Screen' object has no attribute 'screen'
2025-07-25 16:38:40,852 - uzuki - ERROR - Traceback: Traceback (most recent call last):
  File "/home/rca/proj/uzuki/uzuki/ui/screen.py", line 152, in _set_cursor_position
    file_info = self.screen.file.get_file_info()
                ^^^^^^^^^^^
AttributeError: 'Screen' object has no attribute 'screen'

2025-07-25 16:38:41,088 - uzuki - ERROR - ERROR in Screen._set_cursor_position: AttributeError: 'Screen' object has no attribute 'screen'
2025-07-25 16:38:41,089 - uzuki - ERROR - Traceback: Traceback (most recent call last):
  File "/home/rca/proj/uzuki/uzuki/ui/screen.py", line 152, in _set_cursor_position
    file_info = self.screen.file.get_file_info()
                ^^^^^^^^^^^
AttributeError: 'Screen' object has no attribute 'screen'

2025-07-25 16:38:41,652 - uzuki - ERROR - ERROR in Screen._set_cursor_position: AttributeError: 'Screen' object has no attribute 'screen'
2025-07-25 16:38:41,652 - uzuki - ERROR - Traceback: Traceback (most recent call last):
  File "/home/rca/proj/uzuki/uzuki/ui/screen.py", line 152, in _set_cursor_position
    file_info = self.screen.file.get_file_info()
                ^^^^^^^^^^^
AttributeError: 'Screen' object has no attribute 'screen'

2025-07-25 16:38:41,800 - uzuki - ERROR - ERROR in Screen._set_cursor_position: AttributeError: 'Screen' object has no attribute 'screen'
2025-07-25 16:38:41,800 - uzuki - ERROR - Traceback: Traceback (most recent call last):
  File "/home/rca/proj/uzuki/uzuki/ui/screen.py", line 152, in _set_cursor_position
    file_info = self.screen.file.get_file_info()
                ^^^^^^^^^^^
AttributeError: 'Screen' object has no attribute 'screen'

2025-07-25 16:38:41,961 - uzuki - ERROR - ERROR in Screen._set_cursor_position: AttributeError: 'Screen' object has no attribute 'screen'
2025-07-25 16:38:41,962 - uzuki - ERROR - Traceback: Traceback (most recent call last):
  File "/home/rca/proj/uzuki/uzuki/ui/screen.py", line 152, in _set_cursor_position
    file_info = self.screen.file.get_file_info()
                ^^^^^^^^^^^
AttributeError: 'Screen' object has no attribute 'screen'

2025-07-25 16:38:42,078 - uzuki - ERROR - ERROR in Screen._set_cursor_position: AttributeError: 'Screen' object has no attribute 'screen'
2025-07-25 16:38:42,079 - uzuki - ERROR - Traceback: Traceback (most recent call last):
  File "/home/rca/proj/uzuki/uzuki/ui/screen.py", line 152, in _set_cursor_position
    file_info = self.screen.file.get_file_info()
                ^^^^^^^^^^^
AttributeError: 'Screen' object has no attribute 'screen'

2025-07-25 16:38:42,293 - uzuki - INFO - Service container shutdown completed
